<?xml version="1.0" encoding="UTF-8" ?>
<testsuite tests="14" failures="0" name="testPackage.mockSignUpTest" time="0.002" errors="0" skipped="0">
  <properties>
[...]
</properties>
  <testcase classname="testPackage.mockSignUpTest" name="testValidateInput6" time="0.001"/>
  <testcase classname="testPackage.mockSignUpTest" name="testValidateInput11" time="0"/>
  <testcase classname="testPackage.mockSignUpTest" name="testValidExistence" time="0"/>
  <testcase classname="testPackage.mockSignUpTest" name="testValidateInput" time="0"/>
  <testcase classname="testPackage.mockSignUpTest" name="testValidateInput1" time="0"/>
  <testcase classname="testPackage.mockSignUpTest" name="testValidateInput2" time="0"/>
  <testcase classname="testPackage.mockSignUpTest" name="testValidateInput5" time="0"/>
  <testcase classname="testPackage.mockSignUpTest" name="testValidateInput7" time="0"/>
  <testcase classname="testPackage.mockSignUpTest" name="testValidExistence1" time="0"/>
  <testcase classname="testPackage.mockSignUpTest" name="testValidateInput3" time="0"/>
  <testcase classname="testPackage.mockSignUpTest" name="testValidateInput8" time="0"/>
  <testcase classname="testPackage.mockSignUpTest" name="testValidateInput4" time="0"/>
  <testcase classname="testPackage.mockSignUpTest" name="testValidateInput9" time="0"/>
  <testcase classname="testPackage.mockSignUpTest" name="testValidateInput10" time="0"/>
</testsuite>